CMake is re-running because D:/repo/RTXNS/build/src/Utils/CMakeFiles/generate.stamp is out-of-date.
  the file 'D:/repo/RTXNS/src/Utils/CMakeLists.txt'
  is newer than 'D:/repo/RTXNS/build/src/Utils/CMakeFiles/generate.stamp.depend'
  result='-1'
-- Selecting Windows SDK version 10.0.26100.0 to target Windows 10.0.26200.
cmake : CMake Deprecation 
Warning at external/donut/t
hirdparty/jsoncpp/CMakeList
s.txt:17 
(cmake_minimum_required):
At line:1 char:1
+ cmake --build build > 
build.log 2>&1
+ ~~~~~~~~~~~~~~~~~~~~~~~~~
~~~~~~~~~~~
    + CategoryInfo         
     : NotSpecified: (CMa  
  ke Deprecati...imum_re   
 quired)::String) [], R    
emoteException
    + FullyQualifiedErrorI 
   d : NativeCommandError
 
  Compatibility with CMake 
< 3.10 will be removed 
from a future version of
  CMake.

  Update the VERSION 
argument <min> value.  Or, 
use the <min>...<max> 
syntax
  to tell CMake that the 
project requires at least 
<min> but has been updated
  to work with policies 
introduced by <max> or 
earlier.


-- JsonCpp Version: 1.9.6
-- Including Win32 support
CMake Deprecation Warning 
at external/donut/thirdpart
y/miniz/CMakeLists.txt:1 
(cmake_minimum_required):
  Compatibility with CMake 
< 3.10 will be removed 
from a future version of
  CMake.

  Update the VERSION 
argument <min> value.  Or, 
use the <min>...<max> 
syntax
  to tell CMake that the 
project requires at least 
<min> but has been updated
  to work with policies 
introduced by <max> or 
earlier.


-- ShaderMake: downloading DXC v1.8.2505...
-- ShaderMake: downloading Slang 2025.23.1...
-- SHADERMAKE_PATH = 'ShaderMake'
-- SHADERMAKE_FXC_PATH = ''
-- SHADERMAKE_DXC_PATH = 'D:/repo/RTXNS/build/_deps/dxc-src/bin/x64/dxc.exe'
-- SHADERMAKE_DXC_VK_PATH = 'C:/VulkanSDK/1.4.328.1/Bin/dxc.exe'
-- SHADERMAKE_SLANG_PATH = 'D:/repo/RTXNS/build/_deps/slang-src/bin/slangc.exe'
-- Configuring done (2.4s)
-- Generating done (1.6s)
-- Build files have been written to: D:/repo/RTXNS/build
MSBuild version 17.14.19+164abd434 for .NET Framework

  Checking File Globs
  1>Checking Build System
  ShaderMake.vcxproj -> D:\repo\RTXNS\bin\windows-x64\bin\Debug\ShaderMake.exe
  ShaderMakeBlob.vcxproj -> D:\repo\RTXNS\build\external\donut\ShaderMake\Debug\ShaderMakeBlob.lib
  jsoncpp_static.vcxproj -> D:\repo\RTXNS\build\external\donut\thirdparty\jsoncpp\src\lib_json\Debug\jsoncpp.lib
  lz4.vcxproj -> D:\repo\RTXNS\build\external\donut\thirdparty\Debug\lz4.lib
  miniz.vcxproj -> D:\repo\RTXNS\build\external\donut\thirdparty\miniz\Debug\miniz.lib
  Building Custom Rule D:/repo/RTXNS/external/donut/CMakeLists.txt
  donut_core.vcxproj -> D:\repo\RTXNS\build\external\donut\Debug\donut_core.lib
  nvrhi.vcxproj -> D:\repo\RTXNS\build\external\donut\nvrhi\Debug\nvrhi.lib
  Building Custom Rule D:/repo/RTXNS/external/donut/CMakeLists.txt
  donut_engine.vcxproj -> D:\repo\RTXNS\build\external\donut\Debug\donut_engine.lib
  glfw.vcxproj -> D:\repo\RTXNS\build\external\donut\thirdparty\glfw\src\Debug\glfw3.lib
  imgui.vcxproj -> D:\repo\RTXNS\build\external\donut\thirdparty\Debug\imgui.lib
  nvrhi_vk.vcxproj -> D:\repo\RTXNS\build\external\donut\nvrhi\Debug\nvrhi_vk.lib
  Building Custom Rule D:/repo/RTXNS/external/donut/CMakeLists.txt
  donut_app.vcxproj -> D:\repo\RTXNS\build\external\donut\Debug\donut_app.lib
  NeuralShading.vcxproj -> D:\repo\RTXNS\build\src\NeuralShading\Debug\NeuralShading.lib
  implot.vcxproj -> D:\repo\RTXNS\build\Debug\implot.lib
  GeometryUtils.cpp
  UserInterface.cpp
D:\repo\RTXNS\src\Utils\GeometryUtils.h(36,16): error C2039: 'string': is not a member of 'std' [D:\repo\RTXNS\build\src\Utils\Utils.vcxproj]
  (compiling source file '../../../src/Utils/GeometryUtils.cpp')
      C:\Program Files\Microsoft Visual Studio\2022\Community\VC\Tools\MSVC\14.38.33130\include\vector(25,1):
      see declaration of 'std'
  
D:\repo\RTXNS\src\Utils\GeometryUtils.h(36,22): error C4430: missing type specifier - int assumed. Note: C++ does not support default-int [D:\repo\RTXNS\build\src\Utils\Utils.vcxproj]
  (compiling source file '../../../src/Utils/GeometryUtils.cpp')
  
D:\repo\RTXNS\src\Utils\GeometryUtils.h(36,22): error C2143: syntax error: missing ',' before '&' [D:\repo\RTXNS\build\src\Utils\Utils.vcxproj]
  (compiling source file '../../../src/Utils/GeometryUtils.cpp')
  
D:\repo\RTXNS\src\Utils\GeometryUtils.cpp(59,16): error C2039: 'string': is not a member of 'std' [D:\repo\RTXNS\build\src\Utils\Utils.vcxproj]
      C:\Program Files\Microsoft Visual Studio\2022\Community\VC\Tools\MSVC\14.38.33130\include\vector(25,1):
      see declaration of 'std'
  
D:\repo\RTXNS\src\Utils\GeometryUtils.cpp(59,22): error C4430: missing type specifier - int assumed. Note: C++ does not support default-int [D:\repo\RTXNS\build\src\Utils\Utils.vcxproj]
D:\repo\RTXNS\src\Utils\GeometryUtils.cpp(59,22): error C2143: syntax error: missing ',' before '&' [D:\repo\RTXNS\build\src\Utils\Utils.vcxproj]
D:\repo\RTXNS\src\Utils\GeometryUtils.cpp(68,54): error C2065: 'path': undeclared identifier [D:\repo\RTXNS\build\src\Utils\Utils.vcxproj]
D:\repo\RTXNS\src\Utils\GeometryUtils.cpp(68,27): error C2660: 'cgltf_parse_file': function does not take 2 arguments [D:\repo\RTXNS\build\src\Utils\Utils.vcxproj]
      D:\repo\RTXNS\external\donut\thirdparty\cgltf\cgltf.h(823,14):
      see declaration of 'cgltf_parse_file'
      D:\repo\RTXNS\src\Utils\GeometryUtils.cpp(68,27):
      while trying to match the argument list '(cgltf_options *, cgltf_data **)'
  
D:\repo\RTXNS\src\Utils\GeometryUtils.cpp(71,49): error C2065: 'path': undeclared identifier [D:\repo\RTXNS\build\src\Utils\Utils.vcxproj]
D:\repo\RTXNS\src\Utils\GeometryUtils.cpp(71,14): error C2660: 'cgltf_load_buffers': function does not take 2 arguments [D:\repo\RTXNS\build\src\Utils\Utils.vcxproj]
      D:\repo\RTXNS\external\donut\thirdparty\cgltf\cgltf.h(828,14):
      see declaration of 'cgltf_load_buffers'
      D:\repo\RTXNS\src\Utils\GeometryUtils.cpp(71,14):
      while trying to match the argument list '(cgltf_options *, cgltf_data *)'
  
D:\repo\RTXNS\src\Utils\GeometryUtils.cpp(78,5): error C2065: 'outMaterials': undeclared identifier [D:\repo\RTXNS\build\src\Utils\Utils.vcxproj]
D:\repo\RTXNS\src\Utils\GeometryUtils.cpp(99,9): error C2065: 'outMaterials': undeclared identifier [D:\repo\RTXNS\build\src\Utils\Utils.vcxproj]
D:\repo\RTXNS\src\Utils\GeometryUtils.cpp(102,9): error C2065: 'outMaterials': undeclared identifier [D:\repo\RTXNS\build\src\Utils\Utils.vcxproj]
D:\repo\RTXNS\src\Utils\GeometryUtils.cpp(109,9): error C2065: 'outMaterials': undeclared identifier [D:\repo\RTXNS\build\src\Utils\Utils.vcxproj]
D:\repo\RTXNS\src\Utils\GeometryUtils.cpp(121,19): error C2039: 'm_row0': is not a member of 'donut::math::matrix<float,4,4>' [D:\repo\RTXNS\build\src\Utils\Utils.vcxproj]
      D:\repo\RTXNS\external\donut\include\donut\core\math\matrix.h(428,2):
      see declaration of 'donut::math::matrix<float,4,4>'
  
D:\repo\RTXNS\src\Utils\GeometryUtils.cpp(122,19): error C2039: 'm_row1': is not a member of 'donut::math::matrix<float,4,4>' [D:\repo\RTXNS\build\src\Utils\Utils.vcxproj]
      D:\repo\RTXNS\external\donut\include\donut\core\math\matrix.h(428,2):
      see declaration of 'donut::math::matrix<float,4,4>'
  
D:\repo\RTXNS\src\Utils\GeometryUtils.cpp(123,19): error C2039: 'm_row2': is not a member of 'donut::math::matrix<float,4,4>' [D:\repo\RTXNS\build\src\Utils\Utils.vcxproj]
      D:\repo\RTXNS\external\donut\include\donut\core\math\matrix.h(428,2):
      see declaration of 'donut::math::matrix<float,4,4>'
  
D:\repo\RTXNS\src\Utils\GeometryUtils.cpp(124,19): error C2039: 'm_row3': is not a member of 'donut::math::matrix<float,4,4>' [D:\repo\RTXNS\build\src\Utils\Utils.vcxproj]
      D:\repo\RTXNS\external\donut\include\donut\core\math\matrix.h(428,2):
      see declaration of 'donut::math::matrix<float,4,4>'
  
D:\repo\RTXNS\src\Utils\GeometryUtils.cpp(126,53): error C2039: 'm_row0': is not a member of 'donut::math::matrix<float,4,4>' [D:\repo\RTXNS\build\src\Utils\Utils.vcxproj]
      D:\repo\RTXNS\external\donut\include\donut\core\math\matrix.h(428,2):
      see declaration of 'donut::math::matrix<float,4,4>'
  
D:\repo\RTXNS\src\Utils\GeometryUtils.cpp(126,77): error C2039: 'm_row1': is not a member of 'donut::math::matrix<float,4,4>' [D:\repo\RTXNS\build\src\Utils\Utils.vcxproj]
      D:\repo\RTXNS\external\donut\include\donut\core\math\matrix.h(428,2):
      see declaration of 'donut::math::matrix<float,4,4>'
  
D:\repo\RTXNS\src\Utils\GeometryUtils.cpp(126,101): error C2039: 'm_row2': is not a member of 'donut::math::matrix<float,4,4>' [D:\repo\RTXNS\build\src\Utils\Utils.vcxproj]
      D:\repo\RTXNS\external\donut\include\donut\core\math\matrix.h(428,2):
      see declaration of 'donut::math::matrix<float,4,4>'
  
D:\repo\RTXNS\src\Utils\GeometryUtils.cpp(137,47): error C2065: 'outVertices': undeclared identifier [D:\repo\RTXNS\build\src\Utils\Utils.vcxproj]
D:\repo\RTXNS\src\Utils\GeometryUtils.cpp(167,17): error C2065: 'outVertices': undeclared identifier [D:\repo\RTXNS\build\src\Utils\Utils.vcxproj]
D:\repo\RTXNS\src\Utils\GeometryUtils.cpp(168,17): error C2065: 'outMaterialIndices': undeclared identifier [D:\repo\RTXNS\build\src\Utils\Utils.vcxproj]
D:\repo\RTXNS\src\Utils\GeometryUtils.cpp(174,21): error C2065: 'outIndices': undeclared identifier [D:\repo\RTXNS\build\src\Utils\Utils.vcxproj]
D:\repo\RTXNS\src\Utils\GeometryUtils.cpp(178,21): error C2065: 'outIndices': undeclared identifier [D:\repo\RTXNS\build\src\Utils\Utils.vcxproj]
  Generating Code...
